19/07/02 11:08:31 WARN NativeCodeLoader: Unable to load native-hadoop library for your platform... using builtin-java classes where applicable
19/07/02 11:09:03 WARN SizeEstimator: Failed to check whether UseCompressedOops is set; assuming yes
19/07/02 11:10:34 WARN NativeCodeLoader: Unable to load native-hadoop library for your platform... using builtin-java classes where applicable
19/07/02 11:10:44 WARN SizeEstimator: Failed to check whether UseCompressedOops is set; assuming yes
19/07/02 11:11:26 ERROR PythonRunner: Python worker exited unexpectedly (crashed)
java.net.SocketException: Connection reset by peer: socket write error
	at java.net.SocketOutputStream.socketWrite0(Native Method)
	at java.net.SocketOutputStream.socketWrite(Unknown Source)
	at java.net.SocketOutputStream.write(Unknown Source)
	at java.io.BufferedOutputStream.flushBuffer(Unknown Source)
	at java.io.BufferedOutputStream.write(Unknown Source)
	at java.io.DataOutputStream.write(Unknown Source)
	at java.io.FilterOutputStream.write(Unknown Source)
	at org.apache.spark.api.python.PythonRDD$.writeUTF(PythonRDD.scala:394)
	at org.apache.spark.api.python.PythonRDD$.org$apache$spark$api$python$PythonRDD$$write$1(PythonRDD.scala:214)
	at org.apache.spark.api.python.PythonRDD$$anonfun$writeIteratorToStream$1.apply(PythonRDD.scala:224)
	at org.apache.spark.api.python.PythonRDD$$anonfun$writeIteratorToStream$1.apply(PythonRDD.scala:224)
	at scala.collection.Iterator$class.foreach(Iterator.scala:891)
	at scala.collection.AbstractIterator.foreach(Iterator.scala:1334)
	at org.apache.spark.api.python.PythonRDD$.writeIteratorToStream(PythonRDD.scala:224)
	at org.apache.spark.api.python.PythonRunner$$anon$2.writeIteratorToStream(PythonRunner.scala:557)
	at org.apache.spark.api.python.BasePythonRunner$WriterThread$$anonfun$run$1.apply(PythonRunner.scala:345)
	at org.apache.spark.util.Utils$.logUncaughtExceptions(Utils.scala:1945)
	at org.apache.spark.api.python.BasePythonRunner$WriterThread.run(PythonRunner.scala:194)
19/07/02 11:11:26 ERROR PythonRunner: This may have been caused by a prior exception:
java.net.SocketException: Connection reset by peer: socket write error
	at java.net.SocketOutputStream.socketWrite0(Native Method)
	at java.net.SocketOutputStream.socketWrite(Unknown Source)
	at java.net.SocketOutputStream.write(Unknown Source)
	at java.io.BufferedOutputStream.flushBuffer(Unknown Source)
	at java.io.BufferedOutputStream.write(Unknown Source)
	at java.io.DataOutputStream.write(Unknown Source)
	at java.io.FilterOutputStream.write(Unknown Source)
	at org.apache.spark.api.python.PythonRDD$.writeUTF(PythonRDD.scala:394)
	at org.apache.spark.api.python.PythonRDD$.org$apache$spark$api$python$PythonRDD$$write$1(PythonRDD.scala:214)
	at org.apache.spark.api.python.PythonRDD$$anonfun$writeIteratorToStream$1.apply(PythonRDD.scala:224)
	at org.apache.spark.api.python.PythonRDD$$anonfun$writeIteratorToStream$1.apply(PythonRDD.scala:224)
	at scala.collection.Iterator$class.foreach(Iterator.scala:891)
	at scala.collection.AbstractIterator.foreach(Iterator.scala:1334)
	at org.apache.spark.api.python.PythonRDD$.writeIteratorToStream(PythonRDD.scala:224)
	at org.apache.spark.api.python.PythonRunner$$anon$2.writeIteratorToStream(PythonRunner.scala:557)
	at org.apache.spark.api.python.BasePythonRunner$WriterThread$$anonfun$run$1.apply(PythonRunner.scala:345)
	at org.apache.spark.util.Utils$.logUncaughtExceptions(Utils.scala:1945)
	at org.apache.spark.api.python.BasePythonRunner$WriterThread.run(PythonRunner.scala:194)
19/07/02 11:11:26 ERROR Executor: Exception in task 0.0 in stage 0.0 (TID 0)
java.net.SocketException: Connection reset by peer: socket write error
	at java.net.SocketOutputStream.socketWrite0(Native Method)
	at java.net.SocketOutputStream.socketWrite(Unknown Source)
	at java.net.SocketOutputStream.write(Unknown Source)
	at java.io.BufferedOutputStream.flushBuffer(Unknown Source)
	at java.io.BufferedOutputStream.write(Unknown Source)
	at java.io.DataOutputStream.write(Unknown Source)
	at java.io.FilterOutputStream.write(Unknown Source)
	at org.apache.spark.api.python.PythonRDD$.writeUTF(PythonRDD.scala:394)
	at org.apache.spark.api.python.PythonRDD$.org$apache$spark$api$python$PythonRDD$$write$1(PythonRDD.scala:214)
	at org.apache.spark.api.python.PythonRDD$$anonfun$writeIteratorToStream$1.apply(PythonRDD.scala:224)
	at org.apache.spark.api.python.PythonRDD$$anonfun$writeIteratorToStream$1.apply(PythonRDD.scala:224)
	at scala.collection.Iterator$class.foreach(Iterator.scala:891)
	at scala.collection.AbstractIterator.foreach(Iterator.scala:1334)
	at org.apache.spark.api.python.PythonRDD$.writeIteratorToStream(PythonRDD.scala:224)
	at org.apache.spark.api.python.PythonRunner$$anon$2.writeIteratorToStream(PythonRunner.scala:557)
	at org.apache.spark.api.python.BasePythonRunner$WriterThread$$anonfun$run$1.apply(PythonRunner.scala:345)
	at org.apache.spark.util.Utils$.logUncaughtExceptions(Utils.scala:1945)
	at org.apache.spark.api.python.BasePythonRunner$WriterThread.run(PythonRunner.scala:194)
19/07/02 11:11:26 WARN TaskSetManager: Lost task 0.0 in stage 0.0 (TID 0, localhost, executor driver): java.net.SocketException: Connection reset by peer: socket write error
	at java.net.SocketOutputStream.socketWrite0(Native Method)
	at java.net.SocketOutputStream.socketWrite(Unknown Source)
	at java.net.SocketOutputStream.write(Unknown Source)
	at java.io.BufferedOutputStream.flushBuffer(Unknown Source)
	at java.io.BufferedOutputStream.write(Unknown Source)
	at java.io.DataOutputStream.write(Unknown Source)
	at java.io.FilterOutputStream.write(Unknown Source)
	at org.apache.spark.api.python.PythonRDD$.writeUTF(PythonRDD.scala:394)
	at org.apache.spark.api.python.PythonRDD$.org$apache$spark$api$python$PythonRDD$$write$1(PythonRDD.scala:214)
	at org.apache.spark.api.python.PythonRDD$$anonfun$writeIteratorToStream$1.apply(PythonRDD.scala:224)
	at org.apache.spark.api.python.PythonRDD$$anonfun$writeIteratorToStream$1.apply(PythonRDD.scala:224)
	at scala.collection.Iterator$class.foreach(Iterator.scala:891)
	at scala.collection.AbstractIterator.foreach(Iterator.scala:1334)
	at org.apache.spark.api.python.PythonRDD$.writeIteratorToStream(PythonRDD.scala:224)
	at org.apache.spark.api.python.PythonRunner$$anon$2.writeIteratorToStream(PythonRunner.scala:557)
	at org.apache.spark.api.python.BasePythonRunner$WriterThread$$anonfun$run$1.apply(PythonRunner.scala:345)
	at org.apache.spark.util.Utils$.logUncaughtExceptions(Utils.scala:1945)
	at org.apache.spark.api.python.BasePythonRunner$WriterThread.run(PythonRunner.scala:194)

19/07/02 11:11:27 ERROR TaskSetManager: Task 0 in stage 0.0 failed 1 times; aborting job
19/07/02 11:11:54 WARN NativeCodeLoader: Unable to load native-hadoop library for your platform... using builtin-java classes where applicable
19/07/02 11:12:02 WARN SizeEstimator: Failed to check whether UseCompressedOops is set; assuming yes
19/07/02 12:16:50 WARN NativeCodeLoader: Unable to load native-hadoop library for your platform... using builtin-java classes where applicable
19/07/02 12:16:55 WARN SizeEstimator: Failed to check whether UseCompressedOops is set; assuming yes
19/07/02 12:21:22 WARN NativeCodeLoader: Unable to load native-hadoop library for your platform... using builtin-java classes where applicable
19/07/02 12:21:27 WARN SizeEstimator: Failed to check whether UseCompressedOops is set; assuming yes
19/07/02 12:21:29 ERROR PythonRunner: Python worker exited unexpectedly (crashed)
java.net.SocketException: Connection reset by peer: socket write error
	at java.net.SocketOutputStream.socketWrite0(Native Method)
	at java.net.SocketOutputStream.socketWrite(Unknown Source)
	at java.net.SocketOutputStream.write(Unknown Source)
	at java.io.BufferedOutputStream.flushBuffer(Unknown Source)
	at java.io.BufferedOutputStream.write(Unknown Source)
	at java.io.DataOutputStream.write(Unknown Source)
	at java.io.FilterOutputStream.write(Unknown Source)
	at org.apache.spark.api.python.PythonRDD$.writeUTF(PythonRDD.scala:394)
	at org.apache.spark.api.python.PythonRDD$.org$apache$spark$api$python$PythonRDD$$write$1(PythonRDD.scala:214)
	at org.apache.spark.api.python.PythonRDD$$anonfun$writeIteratorToStream$1.apply(PythonRDD.scala:224)
	at org.apache.spark.api.python.PythonRDD$$anonfun$writeIteratorToStream$1.apply(PythonRDD.scala:224)
	at scala.collection.Iterator$class.foreach(Iterator.scala:891)
	at scala.collection.AbstractIterator.foreach(Iterator.scala:1334)
	at org.apache.spark.api.python.PythonRDD$.writeIteratorToStream(PythonRDD.scala:224)
	at org.apache.spark.api.python.PythonRunner$$anon$2.writeIteratorToStream(PythonRunner.scala:557)
	at org.apache.spark.api.python.BasePythonRunner$WriterThread$$anonfun$run$1.apply(PythonRunner.scala:345)
	at org.apache.spark.util.Utils$.logUncaughtExceptions(Utils.scala:1945)
	at org.apache.spark.api.python.BasePythonRunner$WriterThread.run(PythonRunner.scala:194)
19/07/02 12:21:29 ERROR PythonRunner: This may have been caused by a prior exception:
java.net.SocketException: Connection reset by peer: socket write error
	at java.net.SocketOutputStream.socketWrite0(Native Method)
	at java.net.SocketOutputStream.socketWrite(Unknown Source)
	at java.net.SocketOutputStream.write(Unknown Source)
	at java.io.BufferedOutputStream.flushBuffer(Unknown Source)
	at java.io.BufferedOutputStream.write(Unknown Source)
	at java.io.DataOutputStream.write(Unknown Source)
	at java.io.FilterOutputStream.write(Unknown Source)
	at org.apache.spark.api.python.PythonRDD$.writeUTF(PythonRDD.scala:394)
	at org.apache.spark.api.python.PythonRDD$.org$apache$spark$api$python$PythonRDD$$write$1(PythonRDD.scala:214)
	at org.apache.spark.api.python.PythonRDD$$anonfun$writeIteratorToStream$1.apply(PythonRDD.scala:224)
	at org.apache.spark.api.python.PythonRDD$$anonfun$writeIteratorToStream$1.apply(PythonRDD.scala:224)
	at scala.collection.Iterator$class.foreach(Iterator.scala:891)
	at scala.collection.AbstractIterator.foreach(Iterator.scala:1334)
	at org.apache.spark.api.python.PythonRDD$.writeIteratorToStream(PythonRDD.scala:224)
	at org.apache.spark.api.python.PythonRunner$$anon$2.writeIteratorToStream(PythonRunner.scala:557)
	at org.apache.spark.api.python.BasePythonRunner$WriterThread$$anonfun$run$1.apply(PythonRunner.scala:345)
	at org.apache.spark.util.Utils$.logUncaughtExceptions(Utils.scala:1945)
	at org.apache.spark.api.python.BasePythonRunner$WriterThread.run(PythonRunner.scala:194)
19/07/02 12:21:30 ERROR Executor: Exception in task 0.0 in stage 0.0 (TID 0)
java.net.SocketException: Connection reset by peer: socket write error
	at java.net.SocketOutputStream.socketWrite0(Native Method)
	at java.net.SocketOutputStream.socketWrite(Unknown Source)
	at java.net.SocketOutputStream.write(Unknown Source)
	at java.io.BufferedOutputStream.flushBuffer(Unknown Source)
	at java.io.BufferedOutputStream.write(Unknown Source)
	at java.io.DataOutputStream.write(Unknown Source)
	at java.io.FilterOutputStream.write(Unknown Source)
	at org.apache.spark.api.python.PythonRDD$.writeUTF(PythonRDD.scala:394)
	at org.apache.spark.api.python.PythonRDD$.org$apache$spark$api$python$PythonRDD$$write$1(PythonRDD.scala:214)
	at org.apache.spark.api.python.PythonRDD$$anonfun$writeIteratorToStream$1.apply(PythonRDD.scala:224)
	at org.apache.spark.api.python.PythonRDD$$anonfun$writeIteratorToStream$1.apply(PythonRDD.scala:224)
	at scala.collection.Iterator$class.foreach(Iterator.scala:891)
	at scala.collection.AbstractIterator.foreach(Iterator.scala:1334)
	at org.apache.spark.api.python.PythonRDD$.writeIteratorToStream(PythonRDD.scala:224)
	at org.apache.spark.api.python.PythonRunner$$anon$2.writeIteratorToStream(PythonRunner.scala:557)
	at org.apache.spark.api.python.BasePythonRunner$WriterThread$$anonfun$run$1.apply(PythonRunner.scala:345)
	at org.apache.spark.util.Utils$.logUncaughtExceptions(Utils.scala:1945)
	at org.apache.spark.api.python.BasePythonRunner$WriterThread.run(PythonRunner.scala:194)
19/07/02 12:21:30 WARN TaskSetManager: Lost task 0.0 in stage 0.0 (TID 0, localhost, executor driver): java.net.SocketException: Connection reset by peer: socket write error
	at java.net.SocketOutputStream.socketWrite0(Native Method)
	at java.net.SocketOutputStream.socketWrite(Unknown Source)
	at java.net.SocketOutputStream.write(Unknown Source)
	at java.io.BufferedOutputStream.flushBuffer(Unknown Source)
	at java.io.BufferedOutputStream.write(Unknown Source)
	at java.io.DataOutputStream.write(Unknown Source)
	at java.io.FilterOutputStream.write(Unknown Source)
	at org.apache.spark.api.python.PythonRDD$.writeUTF(PythonRDD.scala:394)
	at org.apache.spark.api.python.PythonRDD$.org$apache$spark$api$python$PythonRDD$$write$1(PythonRDD.scala:214)
	at org.apache.spark.api.python.PythonRDD$$anonfun$writeIteratorToStream$1.apply(PythonRDD.scala:224)
	at org.apache.spark.api.python.PythonRDD$$anonfun$writeIteratorToStream$1.apply(PythonRDD.scala:224)
	at scala.collection.Iterator$class.foreach(Iterator.scala:891)
	at scala.collection.AbstractIterator.foreach(Iterator.scala:1334)
	at org.apache.spark.api.python.PythonRDD$.writeIteratorToStream(PythonRDD.scala:224)
	at org.apache.spark.api.python.PythonRunner$$anon$2.writeIteratorToStream(PythonRunner.scala:557)
	at org.apache.spark.api.python.BasePythonRunner$WriterThread$$anonfun$run$1.apply(PythonRunner.scala:345)
	at org.apache.spark.util.Utils$.logUncaughtExceptions(Utils.scala:1945)
	at org.apache.spark.api.python.BasePythonRunner$WriterThread.run(PythonRunner.scala:194)

19/07/02 12:21:30 ERROR TaskSetManager: Task 0 in stage 0.0 failed 1 times; aborting job
